  [1m[36m (161.6ms)[0m  [1mCREATE TABLE "schema_migrations" ("version" character varying(255) NOT NULL) [0m
  [1m[35m (74.9ms)[0m  CREATE UNIQUE INDEX  "unique_schema_migrations" ON "schema_migrations"  ("version")
  [1m[36mActiveRecord::SchemaMigration Load (14.9ms)[0m  [1mSELECT "schema_migrations".* FROM "schema_migrations"[0m
Migrating to CreateProducts (20151029182622)
  [1m[35m (0.2ms)[0m  BEGIN
  [1m[36m (121.2ms)[0m  [1mCREATE TABLE "products" ("id" serial primary key, "name" character varying(255), "price" integer, "description" text, "quantity" integer, "url" character varying(255), "created_at" timestamp, "updated_at" timestamp) [0m
  [1m[35mSQL (0.4ms)[0m  INSERT INTO "schema_migrations" ("version") VALUES ($1)  [["version", "20151029182622"]]
  [1m[36m (0.7ms)[0m  [1mCOMMIT[0m
  [1m[35mActiveRecord::SchemaMigration Load (0.4ms)[0m  SELECT "schema_migrations".* FROM "schema_migrations"
  [1m[36m (0.2ms)[0m  [1mBEGIN[0m
  [1m[35mSQL (14.6ms)[0m  INSERT INTO "products" ("created_at", "description", "name", "price", "quantity", "updated_at", "url") VALUES ($1, $2, $3, $4, $5, $6, $7) RETURNING "id"  [["created_at", "2015-10-29 18:39:52.227087"], ["description", "Versitle, durable, and compact. Ideal for camping, hiking, traveling, or just relaxing"], ["name", "DoubleNest Hammock"], ["price", 35], ["quantity", 20], ["updated_at", "2015-10-29 18:39:52.227087"], ["url", "http://c0278592.cdn.cloudfiles.rackspacecloud.com/gear/original/7565.jpg"]]
  [1m[36m (1.7ms)[0m  [1mCOMMIT[0m
  [1m[35m (0.2ms)[0m  BEGIN
  [1m[36mSQL (0.9ms)[0m  [1mINSERT INTO "products" ("created_at", "description", "name", "price", "quantity", "updated_at", "url") VALUES ($1, $2, $3, $4, $5, $6, $7) RETURNING "id"[0m  [["created_at", "2015-10-29 18:46:21.112912"], ["description", "Multifunction and Ultra-light"], ["name", "Ultralite Sleeping Bag"], ["price", 31], ["quantity", 45], ["updated_at", "2015-10-29 18:46:21.112912"], ["url", "http://sogadget.com/wp-content/uploads/2014/10/ultra-light-Sleeping-Bag.jpg"]]
  [1m[35m (16.2ms)[0m  COMMIT
  [1m[36mProduct Load (0.7ms)[0m  [1mSELECT "products".* FROM "products"[0m
  [1m[35m (0.6ms)[0m  BEGIN
  [1m[36mSQL (0.9ms)[0m  [1mINSERT INTO "products" ("created_at", "description", "name", "price", "quantity", "updated_at", "url") VALUES ($1, $2, $3, $4, $5, $6, $7) RETURNING "id"[0m  [["created_at", "2015-10-29 18:49:49.753190"], ["description", "Transform dirty water into drinking water"], ["name", "Lifestraw Water Filter"], ["price", 19], ["quantity", 18], ["updated_at", "2015-10-29 18:49:49.753190"], ["url", "https://images-na.ssl-images-amazon.com/images/I/31h7A234DIL.jpg"]]
  [1m[35m (49.4ms)[0m  COMMIT
  [1m[36mProduct Load (0.6ms)[0m  [1mSELECT "products".* FROM "products"[0m
  [1m[35m (0.3ms)[0m  BEGIN
  [1m[36mSQL (0.6ms)[0m  [1mINSERT INTO "products" ("created_at", "description", "name", "price", "quantity", "updated_at", "url") VALUES ($1, $2, $3, $4, $5, $6, $7) RETURNING "id"[0m  [["created_at", "2015-10-29 18:55:32.132589"], ["description", "All the tools you need to survive the wild"], ["name", "Multitool"], ["price", 15], ["quantity", 50], ["updated_at", "2015-10-29 18:55:32.132589"], ["url", "http://www.swissknifeshop.com/media/catalog/product/cache/1/image/9df78eab33525d08d6e5fb8d27136e95/l/t/lt831105.jpg"]]
  [1m[35m (22.9ms)[0m  COMMIT
  [1m[36mProduct Load (2.2ms)[0m  [1mSELECT "products".* FROM "products"[0m
  [1m[35m (6.2ms)[0m  BEGIN
  [1m[36mSQL (1.4ms)[0m  [1mINSERT INTO "products" ("created_at", "description", "name", "price", "quantity", "updated_at", "url") VALUES ($1, $2, $3, $4, $5, $6, $7) RETURNING "id"[0m  [["created_at", "2015-10-29 19:01:42.139186"], ["description", "250 lumens of blazing light"], ["name", "LED Headlamp"], ["price", 21], ["quantity", 15], ["updated_at", "2015-10-29 19:01:42.139186"], ["url", "http://beprepared.com/media/catalog/product/c/l/cl_f405_princeton_tec_remix_hybrid_led_headlamp_1500x1500_1.jpg"]]
  [1m[35m (3.1ms)[0m  COMMIT
  [1m[36mProduct Load (0.8ms)[0m  [1mSELECT "products".* FROM "products"[0m
  [1m[35m (0.3ms)[0m  BEGIN
  [1m[36mSQL (0.5ms)[0m  [1mINSERT INTO "products" ("created_at", "description", "name", "price", "quantity", "updated_at", "url") VALUES ($1, $2, $3, $4, $5, $6, $7) RETURNING "id"[0m  [["created_at", "2015-10-29 19:06:56.980760"], ["description", "Strike a fire anywhere"], ["name", "AnyStrike Matches"], ["price", 9], ["quantity", 70], ["updated_at", "2015-10-29 19:06:56.980760"], ["url", "http://practicalprimitive.com/images/newsletters/ubermatch/matches.jpg"]]
  [1m[35m (8.0ms)[0m  COMMIT
  [1m[36mProduct Load (0.9ms)[0m  [1mSELECT "products".* FROM "products"[0m
  [1m[36mActiveRecord::SchemaMigration Load (0.9ms)[0m  [1mSELECT "schema_migrations".* FROM "schema_migrations"[0m
  [1m[35mActiveRecord::SchemaMigration Load (0.3ms)[0m  SELECT "schema_migrations".* FROM "schema_migrations"
Migrating to CreateProducts (20151029182622)
  [1m[36m (0.4ms)[0m  [1mBEGIN[0m
  [1m[35m (144.3ms)[0m  DROP TABLE "products"
  [1m[36mSQL (37.6ms)[0m  [1mDELETE FROM "schema_migrations" WHERE "schema_migrations"."version" = '20151029182622'[0m
  [1m[35m (20.7ms)[0m  COMMIT
  [1m[36mActiveRecord::SchemaMigration Load (0.3ms)[0m  [1mSELECT "schema_migrations".* FROM "schema_migrations"[0m
  [1m[36mActiveRecord::SchemaMigration Load (0.5ms)[0m  [1mSELECT "schema_migrations".* FROM "schema_migrations"[0m
Migrating to CreateProducts (20151029182622)
  [1m[35m (0.1ms)[0m  BEGIN
  [1m[36m (7.6ms)[0m  [1mCREATE TABLE "products" ("id" serial primary key, "name" character varying(255), "price" integer, "description" text, "quantity" integer, "url" character varying(255), "created_at" timestamp, "updated_at" timestamp) [0m
  [1m[35mSQL (0.3ms)[0m  INSERT INTO "schema_migrations" ("version") VALUES ($1)  [["version", "20151029182622"]]
  [1m[36m (15.9ms)[0m  [1mCOMMIT[0m
  [1m[35mActiveRecord::SchemaMigration Load (0.3ms)[0m  SELECT "schema_migrations".* FROM "schema_migrations"
  [1m[35mProduct Load (1.0ms)[0m  SELECT "products".* FROM "products"
  [1m[36mActiveRecord::SchemaMigration Load (0.6ms)[0m  [1mSELECT "schema_migrations".* FROM "schema_migrations"[0m
Migrating to ChangeColumn (20151029191618)
  [1m[36mActiveRecord::SchemaMigration Load (0.8ms)[0m  [1mSELECT "schema_migrations".* FROM "schema_migrations"[0m
Migrating to ChangeColumn (20151029191618)
  [1m[36mActiveRecord::SchemaMigration Load (0.6ms)[0m  [1mSELECT "schema_migrations".* FROM "schema_migrations"[0m
Migrating to ChangeColumn (20151029191618)
  [1m[35m (0.2ms)[0m  BEGIN
  [1m[36m (0.2ms)[0m  [1mROLLBACK[0m
  [1m[36mActiveRecord::SchemaMigration Load (0.9ms)[0m  [1mSELECT "schema_migrations".* FROM "schema_migrations"[0m
  [1m[36mActiveRecord::SchemaMigration Load (0.7ms)[0m  [1mSELECT "schema_migrations".* FROM "schema_migrations"[0m
  [1m[36mActiveRecord::SchemaMigration Load (0.5ms)[0m  [1mSELECT "schema_migrations".* FROM "schema_migrations"[0m
  [1m[36mActiveRecord::SchemaMigration Load (0.6ms)[0m  [1mSELECT "schema_migrations".* FROM "schema_migrations"[0m
  [1m[36mActiveRecord::SchemaMigration Load (0.7ms)[0m  [1mSELECT "schema_migrations".* FROM "schema_migrations"[0m
Migrating to Status (20151029192420)
  [1m[35m (0.2ms)[0m  BEGIN
  [1m[36mSQL (0.4ms)[0m  [1mINSERT INTO "schema_migrations" ("version") VALUES ($1)[0m  [["version", "20151029192420"]]
  [1m[35m (15.5ms)[0m  COMMIT
  [1m[36mActiveRecord::SchemaMigration Load (0.3ms)[0m  [1mSELECT "schema_migrations".* FROM "schema_migrations"[0m
  [1m[36mActiveRecord::SchemaMigration Load (0.7ms)[0m  [1mSELECT "schema_migrations".* FROM "schema_migrations"[0m
  [1m[36mActiveRecord::SchemaMigration Load (0.7ms)[0m  [1mSELECT "schema_migrations".* FROM "schema_migrations"[0m
  [1m[36mActiveRecord::SchemaMigration Load (0.5ms)[0m  [1mSELECT "schema_migrations".* FROM "schema_migrations"[0m
  [1m[36mActiveRecord::SchemaMigration Load (0.7ms)[0m  [1mSELECT "schema_migrations".* FROM "schema_migrations"[0m
  [1m[36mActiveRecord::SchemaMigration Load (0.8ms)[0m  [1mSELECT "schema_migrations".* FROM "schema_migrations"[0m
Migrating to UpdateColumn (20151029194314)
  [1m[35m (0.2ms)[0m  BEGIN
  [1m[36m (59.8ms)[0m  [1mALTER TABLE "products" ALTER COLUMN "price" TYPE decimal[0m
  [1m[35mSQL (0.3ms)[0m  INSERT INTO "schema_migrations" ("version") VALUES ($1)  [["version", "20151029194314"]]
  [1m[36m (21.6ms)[0m  [1mCOMMIT[0m
  [1m[35mActiveRecord::SchemaMigration Load (0.3ms)[0m  SELECT "schema_migrations".* FROM "schema_migrations"
  [1m[36mProduct Load (0.9ms)[0m  [1mSELECT "products".* FROM "products"[0m
  [1m[35m (0.3ms)[0m  BEGIN
  [1m[36mSQL (27.1ms)[0m  [1mINSERT INTO "products" ("created_at", "description", "name", "price", "quantity", "updated_at", "url") VALUES ($1, $2, $3, $4, $5, $6, $7) RETURNING "id"[0m  [["created_at", "2015-10-29 19:45:31.980361"], ["description", "Versitle, durable, and compact. Ideal for camping, hiking, traveling, or just relaxing"], ["name", "DoubleNest Hammock"], ["price", 35], ["quantity", 20], ["updated_at", "2015-10-29 19:45:31.980361"], ["url", "http://c0278592.cdn.cloudfiles.rackspacecloud.com/gear/original/7565.jpg"]]
  [1m[35m (1.6ms)[0m  COMMIT
  [1m[36m (0.2ms)[0m  [1mBEGIN[0m
  [1m[35mSQL (0.3ms)[0m  INSERT INTO "products" ("created_at", "description", "name", "price", "quantity", "updated_at", "url") VALUES ($1, $2, $3, $4, $5, $6, $7) RETURNING "id"  [["created_at", "2015-10-29 19:45:38.604255"], ["description", "Multifunction and Ultra-light"], ["name", "Ultralite Sleeping Bag"], ["price", 31], ["quantity", 45], ["updated_at", "2015-10-29 19:45:38.604255"], ["url", "http://sogadget.com/wp-content/uploads/2014/10/ultra-light-Sleeping-Bag.jpg"]]
  [1m[36m (0.6ms)[0m  [1mCOMMIT[0m
  [1m[35m (0.2ms)[0m  BEGIN
  [1m[36mSQL (0.3ms)[0m  [1mINSERT INTO "products" ("created_at", "description", "name", "price", "quantity", "updated_at", "url") VALUES ($1, $2, $3, $4, $5, $6, $7) RETURNING "id"[0m  [["created_at", "2015-10-29 19:45:48.793472"], ["description", "Transform dirty water into drinking water"], ["name", "Lifestraw Water Filter"], ["price", 19], ["quantity", 18], ["updated_at", "2015-10-29 19:45:48.793472"], ["url", "https://images-na.ssl-images-amazon.com/images/I/31h7A234DIL.jpg"]]
  [1m[35m (0.7ms)[0m  COMMIT
  [1m[36m (0.2ms)[0m  [1mBEGIN[0m
  [1m[35mSQL (0.3ms)[0m  INSERT INTO "products" ("created_at", "description", "name", "price", "quantity", "updated_at", "url") VALUES ($1, $2, $3, $4, $5, $6, $7) RETURNING "id"  [["created_at", "2015-10-29 19:45:57.329559"], ["description", "All the tools you need to survive the wild"], ["name", "Multitool"], ["price", 15], ["quantity", 50], ["updated_at", "2015-10-29 19:45:57.329559"], ["url", "http://www.swissknifeshop.com/media/catalog/product/cache/1/image/9df78eab33525d08d6e5fb8d27136e95/l/t/lt831105.jpg"]]
  [1m[36m (7.1ms)[0m  [1mCOMMIT[0m
  [1m[35m (0.3ms)[0m  BEGIN
  [1m[36mSQL (0.4ms)[0m  [1mINSERT INTO "products" ("created_at", "description", "name", "price", "quantity", "updated_at", "url") VALUES ($1, $2, $3, $4, $5, $6, $7) RETURNING "id"[0m  [["created_at", "2015-10-29 19:46:02.971992"], ["description", "250 lumens of blazing light"], ["name", "LED Headlamp"], ["price", 21], ["quantity", 15], ["updated_at", "2015-10-29 19:46:02.971992"], ["url", "http://beprepared.com/media/catalog/product/c/l/cl_f405_princeton_tec_remix_hybrid_led_headlamp_1500x1500_1.jpg"]]
  [1m[35m (7.4ms)[0m  COMMIT
  [1m[36m (0.2ms)[0m  [1mBEGIN[0m
  [1m[35mSQL (0.3ms)[0m  INSERT INTO "products" ("created_at", "description", "name", "price", "quantity", "updated_at", "url") VALUES ($1, $2, $3, $4, $5, $6, $7) RETURNING "id"  [["created_at", "2015-10-29 19:46:08.267188"], ["description", "Strike a fire anywhere"], ["name", "AnyStrike Matches"], ["price", 9], ["quantity", 70], ["updated_at", "2015-10-29 19:46:08.267188"], ["url", "http://practicalprimitive.com/images/newsletters/ubermatch/matches.jpg"]]
  [1m[36m (0.6ms)[0m  [1mCOMMIT[0m
  [1m[35mProduct Load (0.8ms)[0m  SELECT "products".* FROM "products"
  [1m[36m (0.2ms)[0m  [1mBEGIN[0m
  [1m[35mSQL (0.7ms)[0m  INSERT INTO "products" ("created_at", "description", "name", "price", "quantity", "updated_at", "url") VALUES ($1, $2, $3, $4, $5, $6, $7) RETURNING "id"  [["created_at", "2015-10-29 19:50:28.630513"], ["description", "Hassle-free quickstart mini Propane Grill"], ["name", "Propane Grill"], ["price", 13], ["quantity", 33], ["updated_at", "2015-10-29 19:50:28.630513"], ["url", "http://g01.a.alicdn.com/kf/HTB1lrUlIXXXXXaGXXXXq6xXFXXX3/Barbecue-Gas-font-b-Grill-b-font-For-Outdoor-font-b-Camping-b-font-Gas-Cooker.jpg"]]
  [1m[36m (0.9ms)[0m  [1mCOMMIT[0m
  [1m[35mProduct Load (0.9ms)[0m  SELECT "products".* FROM "products"


Started GET "/" for 127.0.0.1 at 2015-10-29 13:04:41 -0700
  [1m[36mActiveRecord::SchemaMigration Load (1.0ms)[0m  [1mSELECT "schema_migrations".* FROM "schema_migrations"[0m
Processing by Rails::WelcomeController#index as HTML
  Rendered /Users/user/.rvm/gems/ruby-2.2.1/gems/railties-4.1.8/lib/rails/templates/rails/welcome/index.html.erb (3.4ms)
Completed 200 OK in 148ms (Views: 47.6ms | ActiveRecord: 0.0ms)


Started GET "/favicon.ico" for 127.0.0.1 at 2015-10-29 13:04:43 -0700

ActionController::RoutingError (No route matches [GET] "/favicon.ico"):
  actionpack (4.1.8) lib/action_dispatch/middleware/debug_exceptions.rb:21:in `call'
  actionpack (4.1.8) lib/action_dispatch/middleware/show_exceptions.rb:30:in `call'
  railties (4.1.8) lib/rails/rack/logger.rb:38:in `call_app'
  railties (4.1.8) lib/rails/rack/logger.rb:20:in `block in call'
  activesupport (4.1.8) lib/active_support/tagged_logging.rb:68:in `block in tagged'
  activesupport (4.1.8) lib/active_support/tagged_logging.rb:26:in `tagged'
  activesupport (4.1.8) lib/active_support/tagged_logging.rb:68:in `tagged'
  railties (4.1.8) lib/rails/rack/logger.rb:20:in `call'
  actionpack (4.1.8) lib/action_dispatch/middleware/request_id.rb:21:in `call'
  rack (1.5.5) lib/rack/methodoverride.rb:21:in `call'
  rack (1.5.5) lib/rack/runtime.rb:17:in `call'
  activesupport (4.1.8) lib/active_support/cache/strategy/local_cache_middleware.rb:26:in `call'
  rack (1.5.5) lib/rack/lock.rb:17:in `call'
  actionpack (4.1.8) lib/action_dispatch/middleware/static.rb:84:in `call'
  rack (1.5.5) lib/rack/sendfile.rb:112:in `call'
  railties (4.1.8) lib/rails/engine.rb:514:in `call'
  railties (4.1.8) lib/rails/application.rb:144:in `call'
  rack (1.5.5) lib/rack/lock.rb:17:in `call'
  rack (1.5.5) lib/rack/content_length.rb:14:in `call'
  rack (1.5.5) lib/rack/handler/webrick.rb:60:in `service'
  /Users/user/.rvm/rubies/ruby-2.2.1/lib/ruby/2.2.0/webrick/httpserver.rb:138:in `service'
  /Users/user/.rvm/rubies/ruby-2.2.1/lib/ruby/2.2.0/webrick/httpserver.rb:94:in `run'
  /Users/user/.rvm/rubies/ruby-2.2.1/lib/ruby/2.2.0/webrick/server.rb:294:in `block in start_thread'


  Rendered /Users/user/.rvm/gems/ruby-2.2.1/gems/actionpack-4.1.8/lib/action_dispatch/middleware/templates/rescues/_trace.html.erb (1.6ms)
  Rendered /Users/user/.rvm/gems/ruby-2.2.1/gems/actionpack-4.1.8/lib/action_dispatch/middleware/templates/routes/_route.html.erb (1.8ms)
  Rendered /Users/user/.rvm/gems/ruby-2.2.1/gems/actionpack-4.1.8/lib/action_dispatch/middleware/templates/routes/_table.html.erb (41.9ms)
  Rendered /Users/user/.rvm/gems/ruby-2.2.1/gems/actionpack-4.1.8/lib/action_dispatch/middleware/templates/rescues/routing_error.html.erb within rescues/layout (309.3ms)
  [1m[36mActiveRecord::SchemaMigration Load (5.9ms)[0m  [1mSELECT "schema_migrations".* FROM "schema_migrations"[0m
Migrating to CreateUsers (20151029212941)
  [1m[35m (0.2ms)[0m  BEGIN
  [1m[36m (32.0ms)[0m  [1mCREATE TABLE "users" ("id" serial primary key, "name" character varying(255), "email" character varying(255), "password_digest" character varying(255), "created_at" timestamp, "updated_at" timestamp) [0m
  [1m[35mSQL (15.8ms)[0m  INSERT INTO "schema_migrations" ("version") VALUES ($1)  [["version", "20151029212941"]]
  [1m[36m (22.6ms)[0m  [1mCOMMIT[0m
  [1m[35mActiveRecord::SchemaMigration Load (0.3ms)[0m  SELECT "schema_migrations".* FROM "schema_migrations"


Started POST "/sessions" for 127.0.0.1 at 2015-10-29 14:42:29 -0700
  [1m[35mActiveRecord::SchemaMigration Load (0.9ms)[0m  SELECT "schema_migrations".* FROM "schema_migrations"

ActionController::RoutingError (No route matches [POST] "/sessions"):
  actionpack (4.1.8) lib/action_dispatch/middleware/debug_exceptions.rb:21:in `call'
  actionpack (4.1.8) lib/action_dispatch/middleware/show_exceptions.rb:30:in `call'
  railties (4.1.8) lib/rails/rack/logger.rb:38:in `call_app'
  railties (4.1.8) lib/rails/rack/logger.rb:20:in `block in call'
  activesupport (4.1.8) lib/active_support/tagged_logging.rb:68:in `block in tagged'
  activesupport (4.1.8) lib/active_support/tagged_logging.rb:26:in `tagged'
  activesupport (4.1.8) lib/active_support/tagged_logging.rb:68:in `tagged'
  railties (4.1.8) lib/rails/rack/logger.rb:20:in `call'
  actionpack (4.1.8) lib/action_dispatch/middleware/request_id.rb:21:in `call'
  rack (1.5.5) lib/rack/methodoverride.rb:21:in `call'
  rack (1.5.5) lib/rack/runtime.rb:17:in `call'
  activesupport (4.1.8) lib/active_support/cache/strategy/local_cache_middleware.rb:26:in `call'
  rack (1.5.5) lib/rack/lock.rb:17:in `call'
  actionpack (4.1.8) lib/action_dispatch/middleware/static.rb:84:in `call'
  rack (1.5.5) lib/rack/sendfile.rb:112:in `call'
  railties (4.1.8) lib/rails/engine.rb:514:in `call'
  railties (4.1.8) lib/rails/application.rb:144:in `call'
  rack (1.5.5) lib/rack/lock.rb:17:in `call'
  rack (1.5.5) lib/rack/content_length.rb:14:in `call'
  rack (1.5.5) lib/rack/handler/webrick.rb:60:in `service'
  /Users/user/.rvm/rubies/ruby-2.2.1/lib/ruby/2.2.0/webrick/httpserver.rb:138:in `service'
  /Users/user/.rvm/rubies/ruby-2.2.1/lib/ruby/2.2.0/webrick/httpserver.rb:94:in `run'
  /Users/user/.rvm/rubies/ruby-2.2.1/lib/ruby/2.2.0/webrick/server.rb:294:in `block in start_thread'


  Rendered /Users/user/.rvm/gems/ruby-2.2.1/gems/actionpack-4.1.8/lib/action_dispatch/middleware/templates/rescues/_trace.html.erb (2.2ms)
  Rendered /Users/user/.rvm/gems/ruby-2.2.1/gems/actionpack-4.1.8/lib/action_dispatch/middleware/templates/routes/_route.html.erb (9.1ms)
  Rendered /Users/user/.rvm/gems/ruby-2.2.1/gems/actionpack-4.1.8/lib/action_dispatch/middleware/templates/routes/_table.html.erb (1.5ms)
  Rendered /Users/user/.rvm/gems/ruby-2.2.1/gems/actionpack-4.1.8/lib/action_dispatch/middleware/templates/rescues/routing_error.html.erb within rescues/layout (164.4ms)


Started GET "/users" for 127.0.0.1 at 2015-10-29 14:42:32 -0700

ActionController::RoutingError (No route matches [GET] "/users"):
  actionpack (4.1.8) lib/action_dispatch/middleware/debug_exceptions.rb:21:in `call'
  actionpack (4.1.8) lib/action_dispatch/middleware/show_exceptions.rb:30:in `call'
  railties (4.1.8) lib/rails/rack/logger.rb:38:in `call_app'
  railties (4.1.8) lib/rails/rack/logger.rb:20:in `block in call'
  activesupport (4.1.8) lib/active_support/tagged_logging.rb:68:in `block in tagged'
  activesupport (4.1.8) lib/active_support/tagged_logging.rb:26:in `tagged'
  activesupport (4.1.8) lib/active_support/tagged_logging.rb:68:in `tagged'
  railties (4.1.8) lib/rails/rack/logger.rb:20:in `call'
  actionpack (4.1.8) lib/action_dispatch/middleware/request_id.rb:21:in `call'
  rack (1.5.5) lib/rack/methodoverride.rb:21:in `call'
  rack (1.5.5) lib/rack/runtime.rb:17:in `call'
  activesupport (4.1.8) lib/active_support/cache/strategy/local_cache_middleware.rb:26:in `call'
  rack (1.5.5) lib/rack/lock.rb:17:in `call'
  actionpack (4.1.8) lib/action_dispatch/middleware/static.rb:84:in `call'
  rack (1.5.5) lib/rack/sendfile.rb:112:in `call'
  railties (4.1.8) lib/rails/engine.rb:514:in `call'
  railties (4.1.8) lib/rails/application.rb:144:in `call'
  rack (1.5.5) lib/rack/lock.rb:17:in `call'
  rack (1.5.5) lib/rack/content_length.rb:14:in `call'
  rack (1.5.5) lib/rack/handler/webrick.rb:60:in `service'
  /Users/user/.rvm/rubies/ruby-2.2.1/lib/ruby/2.2.0/webrick/httpserver.rb:138:in `service'
  /Users/user/.rvm/rubies/ruby-2.2.1/lib/ruby/2.2.0/webrick/httpserver.rb:94:in `run'
  /Users/user/.rvm/rubies/ruby-2.2.1/lib/ruby/2.2.0/webrick/server.rb:294:in `block in start_thread'


  Rendered /Users/user/.rvm/gems/ruby-2.2.1/gems/actionpack-4.1.8/lib/action_dispatch/middleware/templates/rescues/_trace.html.erb (1.6ms)
  Rendered /Users/user/.rvm/gems/ruby-2.2.1/gems/actionpack-4.1.8/lib/action_dispatch/middleware/templates/routes/_route.html.erb (1.9ms)
  Rendered /Users/user/.rvm/gems/ruby-2.2.1/gems/actionpack-4.1.8/lib/action_dispatch/middleware/templates/routes/_table.html.erb (2.3ms)
  Rendered /Users/user/.rvm/gems/ruby-2.2.1/gems/actionpack-4.1.8/lib/action_dispatch/middleware/templates/rescues/routing_error.html.erb within rescues/layout (113.4ms)


Started GET "/" for 127.0.0.1 at 2015-10-29 14:42:42 -0700
Processing by Rails::WelcomeController#index as HTML
  Rendered /Users/user/.rvm/gems/ruby-2.2.1/gems/railties-4.1.8/lib/rails/templates/rails/welcome/index.html.erb (0.1ms)
Completed 200 OK in 16ms (Views: 14.6ms | ActiveRecord: 0.0ms)


Started GET "/" for 127.0.0.1 at 2015-10-29 16:04:14 -0700
Processing by Rails::WelcomeController#index as HTML
  Rendered /Users/user/.rvm/gems/ruby-2.2.1/gems/railties-4.1.8/lib/rails/templates/rails/welcome/index.html.erb (0.1ms)
Completed 200 OK in 19ms (Views: 18.3ms | ActiveRecord: 0.0ms)


Started GET "/" for 127.0.0.1 at 2015-10-29 16:04:31 -0700
Processing by Rails::WelcomeController#index as HTML
  Rendered /Users/user/.rvm/gems/ruby-2.2.1/gems/railties-4.1.8/lib/rails/templates/rails/welcome/index.html.erb (0.1ms)
Completed 200 OK in 5ms (Views: 3.4ms | ActiveRecord: 0.0ms)


Started GET "/" for 127.0.0.1 at 2015-10-29 16:04:35 -0700
Processing by Rails::WelcomeController#index as HTML
  Rendered /Users/user/.rvm/gems/ruby-2.2.1/gems/railties-4.1.8/lib/rails/templates/rails/welcome/index.html.erb (0.1ms)
Completed 200 OK in 9ms (Views: 7.5ms | ActiveRecord: 0.0ms)


Started GET "/" for 127.0.0.1 at 2015-10-29 16:05:04 -0700
Processing by Rails::WelcomeController#index as HTML
  Rendered /Users/user/.rvm/gems/ruby-2.2.1/gems/railties-4.1.8/lib/rails/templates/rails/welcome/index.html.erb (0.1ms)
Completed 200 OK in 4ms (Views: 3.7ms | ActiveRecord: 0.0ms)


Started GET "/" for 127.0.0.1 at 2015-10-29 16:05:40 -0700
Processing by Rails::WelcomeController#index as HTML
  Rendered /Users/user/.rvm/gems/ruby-2.2.1/gems/railties-4.1.8/lib/rails/templates/rails/welcome/index.html.erb (0.1ms)
Completed 200 OK in 4ms (Views: 3.4ms | ActiveRecord: 0.0ms)


Started GET "/users" for 127.0.0.1 at 2015-10-29 16:05:50 -0700

ActionController::RoutingError (No route matches [GET] "/users"):
  actionpack (4.1.8) lib/action_dispatch/middleware/debug_exceptions.rb:21:in `call'
  actionpack (4.1.8) lib/action_dispatch/middleware/show_exceptions.rb:30:in `call'
  railties (4.1.8) lib/rails/rack/logger.rb:38:in `call_app'
  railties (4.1.8) lib/rails/rack/logger.rb:20:in `block in call'
  activesupport (4.1.8) lib/active_support/tagged_logging.rb:68:in `block in tagged'
  activesupport (4.1.8) lib/active_support/tagged_logging.rb:26:in `tagged'
  activesupport (4.1.8) lib/active_support/tagged_logging.rb:68:in `tagged'
  railties (4.1.8) lib/rails/rack/logger.rb:20:in `call'
  actionpack (4.1.8) lib/action_dispatch/middleware/request_id.rb:21:in `call'
  rack (1.5.5) lib/rack/methodoverride.rb:21:in `call'
  rack (1.5.5) lib/rack/runtime.rb:17:in `call'
  activesupport (4.1.8) lib/active_support/cache/strategy/local_cache_middleware.rb:26:in `call'
  rack (1.5.5) lib/rack/lock.rb:17:in `call'
  actionpack (4.1.8) lib/action_dispatch/middleware/static.rb:84:in `call'
  rack (1.5.5) lib/rack/sendfile.rb:112:in `call'
  railties (4.1.8) lib/rails/engine.rb:514:in `call'
  railties (4.1.8) lib/rails/application.rb:144:in `call'
  rack (1.5.5) lib/rack/lock.rb:17:in `call'
  rack (1.5.5) lib/rack/content_length.rb:14:in `call'
  rack (1.5.5) lib/rack/handler/webrick.rb:60:in `service'
  /Users/user/.rvm/rubies/ruby-2.2.1/lib/ruby/2.2.0/webrick/httpserver.rb:138:in `service'
  /Users/user/.rvm/rubies/ruby-2.2.1/lib/ruby/2.2.0/webrick/httpserver.rb:94:in `run'
  /Users/user/.rvm/rubies/ruby-2.2.1/lib/ruby/2.2.0/webrick/server.rb:294:in `block in start_thread'


  Rendered /Users/user/.rvm/gems/ruby-2.2.1/gems/actionpack-4.1.8/lib/action_dispatch/middleware/templates/rescues/_trace.html.erb (1.8ms)
  Rendered /Users/user/.rvm/gems/ruby-2.2.1/gems/actionpack-4.1.8/lib/action_dispatch/middleware/templates/routes/_route.html.erb (3.2ms)
  Rendered /Users/user/.rvm/gems/ruby-2.2.1/gems/actionpack-4.1.8/lib/action_dispatch/middleware/templates/routes/_table.html.erb (3.1ms)
  Rendered /Users/user/.rvm/gems/ruby-2.2.1/gems/actionpack-4.1.8/lib/action_dispatch/middleware/templates/rescues/routing_error.html.erb within rescues/layout (214.8ms)
  [1m[36mActiveRecord::SchemaMigration Load (17.1ms)[0m  [1mSELECT "schema_migrations".* FROM "schema_migrations"[0m
Migrating to CreateReviews (20151030042057)
  [1m[35m (0.2ms)[0m  BEGIN
  [1m[36m (0.2ms)[0m  [1mROLLBACK[0m
  [1m[36mActiveRecord::SchemaMigration Load (0.6ms)[0m  [1mSELECT "schema_migrations".* FROM "schema_migrations"[0m
Migrating to CreateReviews (20151030042057)
  [1m[35m (0.2ms)[0m  BEGIN
  [1m[36m (0.2ms)[0m  [1mROLLBACK[0m
  [1m[36mActiveRecord::SchemaMigration Load (1.0ms)[0m  [1mSELECT "schema_migrations".* FROM "schema_migrations"[0m
Migrating to CreateReviews (20151030042500)
  [1m[35m (0.2ms)[0m  BEGIN
  [1m[36m (84.2ms)[0m  [1mCREATE TABLE "reviews" ("id" serial primary key, "content" text, "product_id" integer, "created_at" timestamp, "updated_at" timestamp) [0m
  [1m[35m (1.6ms)[0m  CREATE  INDEX  "index_reviews_on_product_id" ON "reviews"  ("product_id")
  [1m[36mSQL (0.3ms)[0m  [1mINSERT INTO "schema_migrations" ("version") VALUES ($1)[0m  [["version", "20151030042500"]]
  [1m[35m (26.6ms)[0m  COMMIT
  [1m[36mActiveRecord::SchemaMigration Load (0.3ms)[0m  [1mSELECT "schema_migrations".* FROM "schema_migrations"[0m
  [1m[36mReview Load (1.0ms)[0m  [1mSELECT "reviews".* FROM "reviews"[0m
  [1m[35mProduct Load (22.6ms)[0m  SELECT  "products".* FROM "products"   ORDER BY "products"."id" ASC LIMIT 1 OFFSET 2
  [1m[36mProduct Load (0.9ms)[0m  [1mSELECT "products".* FROM "products"[0m
  [1m[35mReview Load (0.9ms)[0m  SELECT "reviews".* FROM "reviews"
  [1m[36m (0.2ms)[0m  [1mBEGIN[0m
  [1m[35mSQL (1.1ms)[0m  INSERT INTO "reviews" ("content", "created_at", "updated_at") VALUES ($1, $2, $3) RETURNING "id"  [["content", "This kept me hydrated in the nastiest places. Awesome!"], ["created_at", "2015-10-30 04:32:53.003039"], ["updated_at", "2015-10-30 04:32:53.003039"]]
  [1m[36m (1.2ms)[0m  [1mCOMMIT[0m
  [1m[35mReview Load (1.1ms)[0m  SELECT  "reviews".* FROM "reviews"   ORDER BY "reviews"."id" ASC LIMIT 1
  [1m[36mReview Load (0.8ms)[0m  [1mSELECT  "reviews".* FROM "reviews"   ORDER BY "reviews"."id" ASC LIMIT 1[0m
  [1m[35mProduct Load (0.6ms)[0m  SELECT  "products".* FROM "products"   ORDER BY "products"."id" ASC LIMIT 1 OFFSET 2
  [1m[36m (9.6ms)[0m  [1mBEGIN[0m
  [1m[35mSQL (0.9ms)[0m  UPDATE "reviews" SET "product_id" = $1, "updated_at" = $2 WHERE "reviews"."id" = 1  [["product_id", 3], ["updated_at", "2015-10-30 04:35:30.158519"]]
  [1m[36m (16.0ms)[0m  [1mCOMMIT[0m
  [1m[35mProduct Load (0.6ms)[0m  SELECT "products".* FROM "products"
  [1m[36mReview Load (0.6ms)[0m  [1mSELECT "reviews".* FROM "reviews"[0m
  [1m[35m (0.2ms)[0m  BEGIN
  [1m[36mSQL (0.5ms)[0m  [1mINSERT INTO "reviews" ("content", "created_at", "updated_at") VALUES ($1, $2, $3) RETURNING "id"[0m  [["content", "Contained every tool I needed to stay alive in the wild. Made skinning game easy"], ["created_at", "2015-10-30 04:38:52.914972"], ["updated_at", "2015-10-30 04:38:52.914972"]]
  [1m[35m (9.3ms)[0m  COMMIT
  [1m[36mReview Load (1.0ms)[0m  [1mSELECT  "reviews".* FROM "reviews"   ORDER BY "reviews"."id" ASC LIMIT 1 OFFSET 1[0m
  [1m[35mProduct Load (1.2ms)[0m  SELECT  "products".* FROM "products"   ORDER BY "products"."id" ASC LIMIT 1 OFFSET 3
  [1m[36m (0.6ms)[0m  [1mBEGIN[0m
  [1m[35mSQL (0.3ms)[0m  UPDATE "reviews" SET "product_id" = $1, "updated_at" = $2 WHERE "reviews"."id" = 2  [["product_id", 4], ["updated_at", "2015-10-30 04:39:13.735636"]]
  [1m[36m (1.0ms)[0m  [1mCOMMIT[0m
  [1m[35m (0.2ms)[0m  BEGIN
  [1m[36mSQL (0.4ms)[0m  [1mINSERT INTO "reviews" ("content", "created_at", "updated_at") VALUES ($1, $2, $3) RETURNING "id"[0m  [["content", "Let there be light!"], ["created_at", "2015-10-30 04:40:11.566459"], ["updated_at", "2015-10-30 04:40:11.566459"]]
  [1m[35m (0.6ms)[0m  COMMIT
  [1m[36mReview Load (0.6ms)[0m  [1mSELECT  "reviews".* FROM "reviews"   ORDER BY "reviews"."id" DESC LIMIT 1[0m
  [1m[35mProduct Load (0.9ms)[0m  SELECT  "products".* FROM "products"   ORDER BY "products"."id" ASC LIMIT 1 OFFSET 4
  [1m[36m (0.1ms)[0m  [1mBEGIN[0m
  [1m[35mSQL (0.3ms)[0m  UPDATE "reviews" SET "product_id" = $1, "updated_at" = $2 WHERE "reviews"."id" = 3  [["product_id", 5], ["updated_at", "2015-10-30 04:40:34.918264"]]
  [1m[36m (0.6ms)[0m  [1mCOMMIT[0m
  [1m[35mReview Load (0.7ms)[0m  SELECT "reviews".* FROM "reviews"
  [1m[36mActiveRecord::SchemaMigration Load (1.0ms)[0m  [1mSELECT "schema_migrations".* FROM "schema_migrations"[0m
  [1m[35mActiveRecord::SchemaMigration Load (0.6ms)[0m  SELECT "schema_migrations".* FROM "schema_migrations"
